[debug] [2018-03-23T23:44:25.319Z] ----------------------------------------------------------------------
[debug] [2018-03-23T23:44:25.321Z] Command:       /usr/local/Cellar/node/9.9.0/bin/node /usr/local/bin/firebase serve
[debug] [2018-03-23T23:44:25.321Z] CLI Version:   3.17.7
[debug] [2018-03-23T23:44:25.321Z] Platform:      darwin
[debug] [2018-03-23T23:44:25.321Z] Node Version:  v9.9.0
[debug] [2018-03-23T23:44:25.322Z] Time:          Fri Mar 23 2018 16:44:25 GMT-0700 (MST)
[debug] [2018-03-23T23:44:25.322Z] ----------------------------------------------------------------------
[debug] 
[debug] [2018-03-23T23:44:25.339Z] > command requires scopes: ["email","openid","https://www.googleapis.com/auth/cloudplatformprojects.readonly","https://www.googleapis.com/auth/firebase","https://www.googleapis.com/auth/cloud-platform"]
[debug] [2018-03-23T23:44:25.339Z] > authorizing via signed-in user
[debug] [2018-03-23T23:44:25.341Z] > refreshing access token with scopes: ["email","https://www.googleapis.com/auth/cloud-platform","https://www.googleapis.com/auth/cloudplatformprojects.readonly","https://www.googleapis.com/auth/firebase","openid"]
[debug] [2018-03-23T23:44:25.341Z] >>> HTTP REQUEST POST https://www.googleapis.com/oauth2/v3/token  
 { refresh_token: '1/_Pw1-GB1I8ou7bznoKojDFGoH9Y4PpVlXAJ5T9KfkvI',
  client_id: '563584335869-fgrhgmd47bqnekij5i8b5pr03ho849e6.apps.googleusercontent.com',
  client_secret: 'j9iVZfS8kkCEFUPaAeJV0sAi',
  grant_type: 'refresh_token',
  scope: 'email https://www.googleapis.com/auth/cloud-platform https://www.googleapis.com/auth/cloudplatformprojects.readonly https://www.googleapis.com/auth/firebase openid' } 
 Fri Mar 23 2018 16:44:25 GMT-0700 (MST)
[debug] [2018-03-23T23:44:25.694Z] <<< HTTP RESPONSE 200
[debug] [2018-03-23T23:44:25.701Z] >>> HTTP REQUEST GET https://admin.firebase.com/v1/projects/mm-site-be5bd  
  
 Fri Mar 23 2018 16:44:25 GMT-0700 (MST)
[debug] [2018-03-23T23:44:26.267Z] <<< HTTP RESPONSE 200
[debug] [2018-03-23T23:44:26.269Z] >>> HTTP REQUEST GET https://admin.firebase.com/v1/database/mm-site-be5bd/tokens  
  
 Fri Mar 23 2018 16:44:26 GMT-0700 (MST)
[debug] [2018-03-23T23:44:27.116Z] <<< HTTP RESPONSE 200
[debug] [2018-03-23T23:44:27.116Z] >>> HTTP REQUEST GET https://cloudresourcemanager.googleapis.com/v1/projects/mm-site-be5bd  
  
 Fri Mar 23 2018 16:44:27 GMT-0700 (MST)
[debug] [2018-03-23T23:44:27.839Z] <<< HTTP RESPONSE 200
[info] 
[info] === Serving from '/Users/steven/Desktop/mm-site'...
[info] 
[debug] [2018-03-23T23:44:27.842Z] >>> HTTP REQUEST GET https://mobilesdk-pa.googleapis.com/v1/projects/925354169316/clients/_:getWebAppConfig  
  
 Fri Mar 23 2018 16:44:27 GMT-0700 (MST)
[debug] [2018-03-23T23:44:28.656Z] <<< HTTP RESPONSE 200
[info] i  hosting: Serving hosting files from: _site
[info] ✔  hosting: Local server: http://localhost:5000

